
real	0m1.863s
user	0m0.263s
sys	0m0.097s

real	0m1.066s
user	0m0.378s
sys	0m0.132s

real	0m1.184s
user	0m0.319s
sys	0m0.157s

real	0m0.994s
user	0m0.342s
sys	0m0.144s
shading.c:1:10: fatal error: SDL2/SDL.h: No such file or directory
    1 | #include <SDL2/SDL.h>
      |          ^~~~~~~~~~~~
compilation terminated.

real	0m0.123s
user	0m0.050s
sys	0m0.017s

real	0m0.902s
user	0m0.333s
sys	0m0.110s

real	0m1.333s
user	0m0.436s
sys	0m0.118s

real	0m1.094s
user	0m0.324s
sys	0m0.167s

real	0m1.202s
user	0m0.346s
sys	0m0.191s

real	0m1.821s
user	0m0.392s
sys	0m0.103s

real	0m1.833s
user	0m0.269s
sys	0m0.080s

real	0m1.729s
user	0m0.302s
sys	0m0.146s

real	0m0.890s
user	0m0.322s
sys	0m0.146s

real	0m7.558s
user	0m0.857s
sys	0m0.468s

real	0m1.198s
user	0m0.421s
sys	0m0.165s

real	0m2.708s
user	0m0.456s
sys	0m0.229s

real	0m1.810s
user	0m0.417s
sys	0m0.166s

real	0m2.431s
user	0m0.540s
sys	0m0.267s

real	0m2.957s
user	0m0.571s
sys	0m0.206s

real	0m3.011s
user	0m0.478s
sys	0m0.274s

real	0m2.209s
user	0m0.561s
sys	0m0.221s

real	0m4.996s
user	0m0.490s
sys	0m0.274s

real	0m2.985s
user	0m0.389s
sys	0m0.167s

real	0m1.019s
user	0m0.348s
sys	0m0.135s

real	0m3.622s
user	0m0.565s
sys	0m0.282s

real	0m2.344s
user	0m0.415s
sys	0m0.145s

real	0m3.484s
user	0m0.262s
sys	0m0.188s

real	0m4.368s
user	0m0.360s
sys	0m0.191s

real	0m3.563s
user	0m0.570s
sys	0m0.280s

real	0m3.742s
user	0m0.594s
sys	0m0.207s

real	0m2.986s
user	0m0.300s
sys	0m0.129s

real	0m3.284s
user	0m0.335s
sys	0m0.152s

real	0m2.815s
user	0m0.572s
sys	0m0.262s

real	0m3.312s
user	0m0.581s
sys	0m0.247s

real	0m2.423s
user	0m0.572s
sys	0m0.271s

real	0m4.802s
user	0m0.354s
sys	0m0.216s

real	0m3.520s
user	0m0.354s
sys	0m0.177s

real	0m3.812s
user	0m0.594s
sys	0m0.326s

real	0m4.462s
user	0m0.398s
sys	0m0.182s

real	0m3.182s
user	0m0.603s
sys	0m0.233s

real	0m2.975s
user	0m0.287s
sys	0m0.147s

real	0m4.630s
user	0m0.596s
sys	0m0.357s

real	0m2.778s
user	0m0.391s
sys	0m0.235s

real	0m1.985s
user	0m0.587s
sys	0m0.205s

real	0m1.854s
user	0m0.532s
sys	0m0.201s

real	0m3.486s
user	0m0.306s
sys	0m0.249s

real	0m2.122s
user	0m0.576s
sys	0m0.289s

real	0m1.910s
user	0m0.494s
sys	0m0.293s

real	0m3.755s
user	0m0.423s
sys	0m0.275s

real	0m2.918s
user	0m0.535s
sys	0m0.258s

real	0m3.190s
user	0m0.273s
sys	0m0.224s

real	0m2.379s
user	0m0.501s
sys	0m0.244s

real	0m3.926s
user	0m0.500s
sys	0m0.342s

real	0m2.901s
user	0m0.492s
sys	0m0.204s

real	0m1.835s
user	0m0.558s
sys	0m0.250s

real	0m3.636s
user	0m0.456s
sys	0m0.310s

real	0m3.105s
user	0m0.340s
sys	0m0.243s

real	0m4.168s
user	0m0.299s
sys	0m0.287s

real	0m2.603s
user	0m0.391s
sys	0m0.276s

real	0m1.481s
user	0m0.345s
sys	0m0.217s

real	0m2.509s
user	0m0.428s
sys	0m0.218s

real	0m1.848s
user	0m0.386s
sys	0m0.196s
ludo.c: In function ‘cubo’:
ludo.c:17:17: error: expected ‘=’, ‘,’, ‘;’, ‘asm’ or ‘__attribute__’ before ‘{’ token
   17 | void lightning(){
      |                 ^
ludo.c:27:17: error: expected ‘=’, ‘,’, ‘;’, ‘asm’ or ‘__attribute__’ before ‘{’ token
   27 | void tabuleiro(){
      |                 ^
ludo.c:34:13: error: expected ‘=’, ‘,’, ‘;’, ‘asm’ or ‘__attribute__’ before ‘{’ token
   34 | void cubo() {
      |             ^
ludo.c:79:16: error: expected ‘=’, ‘,’, ‘;’, ‘asm’ or ‘__attribute__’ before ‘{’ token
   79 | void desenha() {
      |                ^
ludo.c:98:47: error: expected ‘=’, ‘,’, ‘;’, ‘asm’ or ‘__attribute__’ before ‘{’ token
   98 | void tecladoEspecial(int tecla, int x, int y) {
      |                                               ^
ludo.c:118:48: error: expected ‘=’, ‘,’, ‘;’, ‘asm’ or ‘__attribute__’ before ‘{’ token
  118 | void teclado(unsigned char tecla, int x, int y){
      |                                                ^
ludo.c:137:34: error: expected ‘=’, ‘,’, ‘;’, ‘asm’ or ‘__attribute__’ before ‘{’ token
  137 | int main(int argc, char *argv[]) {
      |                                  ^
ludo.c:147: error: expected ‘{’ at end of input
  147 | }
      | 

real	0m1.226s
user	0m0.131s
sys	0m0.085s
ludo.c: In function ‘cubo’:
ludo.c:17:17: error: expected ‘=’, ‘,’, ‘;’, ‘asm’ or ‘__attribute__’ before ‘{’ token
   17 | void lightning(){
      |                 ^
ludo.c:27:17: error: expected ‘=’, ‘,’, ‘;’, ‘asm’ or ‘__attribute__’ before ‘{’ token
   27 | void tabuleiro(){
      |                 ^
ludo.c:35:13: error: expected ‘=’, ‘,’, ‘;’, ‘asm’ or ‘__attribute__’ before ‘{’ token
   35 | void cubo() {
      |             ^
ludo.c:80:16: error: expected ‘=’, ‘,’, ‘;’, ‘asm’ or ‘__attribute__’ before ‘{’ token
   80 | void desenha() {
      |                ^
ludo.c:99:47: error: expected ‘=’, ‘,’, ‘;’, ‘asm’ or ‘__attribute__’ before ‘{’ token
   99 | void tecladoEspecial(int tecla, int x, int y) {
      |                                               ^
ludo.c:119:48: error: expected ‘=’, ‘,’, ‘;’, ‘asm’ or ‘__attribute__’ before ‘{’ token
  119 | void teclado(unsigned char tecla, int x, int y){
      |                                                ^
ludo.c:138:34: error: expected ‘=’, ‘,’, ‘;’, ‘asm’ or ‘__attribute__’ before ‘{’ token
  138 | int main(int argc, char *argv[]) {
      |                                  ^
ludo.c:148: error: expected ‘{’ at end of input
  148 | }
      | 

real	0m1.131s
user	0m0.111s
sys	0m0.103s

real	0m2.709s
user	0m0.363s
sys	0m0.212s

real	0m2.118s
user	0m0.387s
sys	0m0.192s

real	0m2.327s
user	0m0.365s
sys	0m0.255s

real	0m2.294s
user	0m0.381s
sys	0m0.181s

real	0m2.004s
user	0m0.405s
sys	0m0.185s

real	0m2.092s
user	0m0.377s
sys	0m0.229s

real	0m2.408s
user	0m0.383s
sys	0m0.213s

real	0m3.208s
user	0m0.334s
sys	0m0.194s

real	0m2.793s
user	0m0.425s
sys	0m0.181s

real	0m1.811s
user	0m0.402s
sys	0m0.199s

real	0m1.707s
user	0m0.379s
sys	0m0.203s

real	0m2.281s
user	0m0.352s
sys	0m0.245s

real	0m2.029s
user	0m0.359s
sys	0m0.189s

real	0m3.796s
user	0m0.407s
sys	0m0.187s

real	0m1.700s
user	0m0.342s
sys	0m0.196s

real	0m1.968s
user	0m0.375s
sys	0m0.228s

real	0m1.605s
user	0m0.312s
sys	0m0.196s

real	0m3.725s
user	0m0.338s
sys	0m0.217s

real	0m1.901s
user	0m0.361s
sys	0m0.207s

real	0m2.910s
user	0m0.389s
sys	0m0.175s

real	0m4.902s
user	0m0.414s
sys	0m0.185s

real	0m5.191s
user	0m0.395s
sys	0m0.196s

real	0m4.572s
user	0m0.386s
sys	0m0.233s

real	0m5.388s
user	0m0.326s
sys	0m0.231s

real	0m4.597s
user	0m0.398s
sys	0m0.182s

real	0m3.990s
user	0m0.348s
sys	0m0.206s

real	0m4.755s
user	0m0.393s
sys	0m0.218s

real	0m4.780s
user	0m0.347s
sys	0m0.196s

real	0m4.003s
user	0m0.335s
sys	0m0.228s

real	0m2.777s
user	0m0.436s
sys	0m0.238s

real	0m3.647s
user	0m0.378s
sys	0m0.221s

real	0m3.883s
user	0m0.370s
sys	0m0.206s

real	0m4.420s
user	0m0.368s
sys	0m0.210s

real	0m1.377s
user	0m0.374s
sys	0m0.182s

real	0m3.602s
user	0m0.447s
sys	0m0.212s

real	0m4.172s
user	0m0.404s
sys	0m0.220s

real	0m4.706s
user	0m0.372s
sys	0m0.274s

real	0m4.379s
user	0m0.388s
sys	0m0.182s

real	0m7.117s
user	0m0.679s
sys	0m0.314s

real	0m9.581s
user	0m0.708s
sys	0m0.485s

real	0m4.787s
user	0m0.462s
sys	0m0.272s

real	0m4.196s
user	0m0.349s
sys	0m0.252s

real	0m5.097s
user	0m0.350s
sys	0m0.222s

real	0m14.994s
user	0m0.577s
sys	0m0.293s

real	0m5.286s
user	0m0.400s
sys	0m0.224s

real	0m4.768s
user	0m0.388s
sys	0m0.200s

real	0m4.002s
user	0m0.402s
sys	0m0.202s

real	0m4.502s
user	0m0.428s
sys	0m0.204s
ludo.c: In function ‘board’:
ludo.c:121:3: error: too few arguments to function ‘playerSideArea’
  121 |   playerSideArea();
      |   ^~~~~~~~~~~~~~
ludo.c:83:6: note: declared here
   83 | void playerSideArea(float r, float g, float b) {
      |      ^~~~~~~~~~~~~~

real	0m2.049s
user	0m0.127s
sys	0m0.124s

real	0m6.090s
user	0m0.396s
sys	0m0.206s

real	0m5.484s
user	0m0.431s
sys	0m0.232s

real	0m2.204s
user	0m0.370s
sys	0m0.216s

real	0m1.715s
user	0m0.368s
sys	0m0.188s

real	0m3.596s
user	0m0.387s
sys	0m0.228s

real	0m4.909s
user	0m0.433s
sys	0m0.234s

real	0m5.414s
user	0m0.454s
sys	0m0.203s

real	0m5.021s
user	0m0.376s
sys	0m0.209s

real	0m3.205s
user	0m0.401s
sys	0m0.196s

real	0m4.801s
user	0m0.478s
sys	0m0.159s

real	0m3.265s
user	0m0.432s
sys	0m0.205s

real	0m4.386s
user	0m0.435s
sys	0m0.186s

real	0m4.566s
user	0m0.408s
sys	0m0.174s

real	0m2.331s
user	0m0.375s
sys	0m0.191s

real	0m3.822s
user	0m0.417s
sys	0m0.223s

real	0m5.594s
user	0m0.416s
sys	0m0.196s

real	0m4.005s
user	0m0.425s
sys	0m0.184s

real	0m4.577s
user	0m0.408s
sys	0m0.222s

real	0m1.814s
user	0m0.359s
sys	0m0.228s

real	0m4.657s
user	0m0.378s
sys	0m0.205s

real	0m3.780s
user	0m0.406s
sys	0m0.184s

real	0m4.104s
user	0m0.388s
sys	0m0.187s

real	0m2.627s
user	0m0.438s
sys	0m0.198s

real	0m3.211s
user	0m0.399s
sys	0m0.182s

real	0m4.406s
user	0m0.393s
sys	0m0.206s

real	0m2.806s
user	0m0.390s
sys	0m0.210s

real	0m2.286s
user	0m0.449s
sys	0m0.224s

real	0m2.141s
user	0m0.362s
sys	0m0.211s

real	0m3.008s
user	0m0.382s
sys	0m0.218s

real	0m4.405s
user	0m0.462s
sys	0m0.184s

real	0m3.366s
user	0m0.409s
sys	0m0.305s

real	0m2.169s
user	0m0.333s
sys	0m0.206s

real	0m1.819s
user	0m0.411s
sys	0m0.182s

real	0m3.181s
user	0m0.399s
sys	0m0.244s
ludo.c: In function ‘playerSideArea’:
ludo.c:133:15: error: ‘quadratic’ undeclared (first use in this function)
  133 |   gluCylinder(quadratic, 0.2, 0.2, 0.0626, 32, 32);
      |               ^~~~~~~~~
ludo.c:133:15: note: each undeclared identifier is reported only once for each function it appears in

real	0m0.994s
user	0m0.119s
sys	0m0.090s

real	0m1.483s
user	0m0.352s
sys	0m0.218s

real	0m2.603s
user	0m0.411s
sys	0m0.212s

real	0m2.105s
user	0m0.368s
sys	0m0.208s
ludo.c: In function ‘playerSideArea’:
ludo.c:127:25: error: expected ‘;’ before ‘circle’
  127 |   glRotatef(90, 1, 0, 0)
      |                         ^
      |                         ;
  128 |   circle(0.5, 30);
      |   ~~~~~~                 

real	0m0.571s
user	0m0.107s
sys	0m0.100s

real	0m2.687s
user	0m0.412s
sys	0m0.188s

real	0m1.685s
user	0m0.353s
sys	0m0.170s

real	0m2.129s
user	0m0.400s
sys	0m0.149s

real	0m2.196s
user	0m0.292s
sys	0m0.191s

real	0m1.524s
user	0m0.315s
sys	0m0.201s

real	0m2.567s
user	0m0.368s
sys	0m0.183s

real	0m2.719s
user	0m0.409s
sys	0m0.201s

real	0m2.104s
user	0m0.399s
sys	0m0.192s

real	0m2.662s
user	0m0.428s
sys	0m0.200s

real	0m2.835s
user	0m0.408s
sys	0m0.237s

real	0m1.988s
user	0m0.593s
sys	0m0.230s

real	0m6.181s
user	0m0.445s
sys	0m0.352s

real	0m3.760s
user	0m0.452s
sys	0m0.252s

real	0m9.333s
user	0m1.215s
sys	0m0.580s

real	0m3.406s
user	0m0.397s
sys	0m0.388s

real	0m1.409s
user	0m0.381s
sys	0m0.232s

real	0m1.442s
user	0m0.428s
sys	0m0.274s

real	0m1.379s
user	0m0.395s
sys	0m0.216s

real	0m1.372s
user	0m0.413s
sys	0m0.222s

real	0m1.608s
user	0m0.464s
sys	0m0.231s

real	0m1.389s
user	0m0.394s
sys	0m0.224s

real	0m1.516s
user	0m0.454s
sys	0m0.248s

real	0m2.813s
user	0m0.606s
sys	0m0.270s

real	0m5.093s
user	0m0.503s
sys	0m0.252s

real	0m2.129s
user	0m0.573s
sys	0m0.251s
ludo.c: In function ‘displayFunc’:
ludo.c:226:3: warning: implicit declaration of function ‘glTransfomf’; did you mean ‘glTranslatef’? [-Wimplicit-function-declaration]
  226 |   glTransfomf();
      |   ^~~~~~~~~~~
      |   glTranslatef
/nix/store/v8imx1nvyz0hgvx9cbcmh6gp4ngw3ffj-binutils-2.35.1/bin/ld: /tmp/ccGvCPOL.o: in function `displayFunc':
ludo.c:(.text+0xcb7): undefined reference to `glTransfomf'
collect2: error: ld returned 1 exit status

real	0m8.816s
user	0m0.579s
sys	0m0.397s

real	0m2.455s
user	0m0.478s
sys	0m0.290s

real	0m1.842s
user	0m0.511s
sys	0m0.248s

real	0m5.235s
user	0m0.445s
sys	0m0.316s

real	0m1.687s
user	0m0.396s
sys	0m0.237s

real	0m2.187s
user	0m0.671s
sys	0m0.282s

real	0m3.714s
user	0m0.531s
sys	0m0.309s

real	0m2.986s
user	0m0.742s
sys	0m0.306s
ludo.c: In function ‘main’:
ludo.c:359:3: warning: implicit declaration of function ‘initTable’ [-Wimplicit-function-declaration]
  359 |   initTable();
      |   ^~~~~~~~~
/nix/store/v8imx1nvyz0hgvx9cbcmh6gp4ngw3ffj-binutils-2.35.1/bin/ld: /tmp/cchyRFBz.o: in function `main':
ludo.c:(.text.startup+0x5c): undefined reference to `initTable'
collect2: error: ld returned 1 exit status

real	0m1.592s
user	0m0.553s
sys	0m0.167s

real	0m1.597s
user	0m0.552s
sys	0m0.195s

real	0m1.789s
user	0m0.593s
sys	0m0.209s

real	0m1.679s
user	0m0.579s
sys	0m0.218s

real	0m1.654s
user	0m0.623s
sys	0m0.191s

real	0m1.715s
user	0m0.585s
sys	0m0.191s

real	0m1.911s
user	0m0.623s
sys	0m0.226s

real	0m2.734s
user	0m0.762s
sys	0m0.212s

real	0m1.878s
user	0m0.609s
sys	0m0.199s

real	0m1.707s
user	0m0.632s
sys	0m0.173s

real	0m3.490s
user	0m0.951s
sys	0m0.280s

real	0m2.475s
user	0m0.698s
sys	0m0.212s

real	0m1.800s
user	0m0.628s
sys	0m0.210s

real	0m4.224s
user	0m1.022s
sys	0m0.333s

real	0m1.866s
user	0m0.622s
sys	0m0.177s

real	0m2.055s
user	0m0.686s
sys	0m0.240s

real	0m1.815s
user	0m0.654s
sys	0m0.189s
ludo.c: In function ‘init’:
ludo.c:43:9: warning: implicit declaration of function ‘time’ [-Wimplicit-function-declaration]
   43 |   srand(time(NULL));
      |         ^~~~

real	0m1.978s
user	0m0.658s
sys	0m0.179s

real	0m2.062s
user	0m0.699s
sys	0m0.214s

real	0m1.997s
user	0m0.704s
sys	0m0.182s

real	0m1.948s
user	0m0.639s
sys	0m0.213s

real	0m1.733s
user	0m0.615s
sys	0m0.208s

real	0m2.033s
user	0m0.721s
sys	0m0.197s

real	0m1.912s
user	0m0.648s
sys	0m0.191s

real	0m1.823s
user	0m0.624s
sys	0m0.243s

real	0m2.011s
user	0m0.671s
sys	0m0.216s

real	0m13.317s
user	0m1.411s
sys	0m0.520s
ludo.c: In function ‘keyboard’:
ludo.c:568:1: error: ‘default’ label not within a switch statement
  568 | default:
      | ^~~~~~~
ludo.c:569:3: error: break statement not within loop or switch
  569 |   break;
      |   ^~~~~
ludo.c: At top level:
ludo.c:571:1: warning: data definition has no type or storage class
  571 | turnView();
      | ^~~~~~~~
ludo.c:571:1: warning: type defaults to ‘int’ in declaration of ‘turnView’ [-Wimplicit-int]
ludo.c:571:1: error: conflicting types for ‘turnView’
ludo.c:284:6: note: previous definition of ‘turnView’ was here
  284 | void turnView() {
      |      ^~~~~~~~
ludo.c:572:1: warning: data definition has no type or storage class
  572 | glutPostRedisplay();
      | ^~~~~~~~~~~~~~~~~
ludo.c:572:1: warning: type defaults to ‘int’ in declaration of ‘glutPostRedisplay’ [-Wimplicit-int]
ludo.c:572:1: error: conflicting types for ‘glutPostRedisplay’
In file included from /nix/store/rxnxvbmz5cgrjilsrvibwf71dprjpijn-freeglut-3.2.1-dev/include/GL/glut.h:17,
                 from peao.h:1,
                 from ludo.c:1:
/nix/store/rxnxvbmz5cgrjilsrvibwf71dprjpijn-freeglut-3.2.1-dev/include/GL/freeglut_std.h:447:26: note: previous declaration of ‘glutPostRedisplay’ was here
  447 | FGAPI void    FGAPIENTRY glutPostRedisplay( void );
      |                          ^~~~~~~~~~~~~~~~~
ludo.c:573:1: error: expected identifier or ‘(’ before ‘}’ token
  573 | }
      | ^

real	0m0.684s
user	0m0.188s
sys	0m0.126s

real	0m2.198s
user	0m0.683s
sys	0m0.229s

real	0m2.455s
user	0m0.787s
sys	0m0.219s

real	0m2.133s
user	0m0.695s
sys	0m0.247s

real	0m1.909s
user	0m0.687s
sys	0m0.192s

real	0m2.712s
user	0m0.868s
sys	0m0.282s

real	0m2.020s
user	0m0.674s
sys	0m0.251s

real	0m2.013s
user	0m0.709s
sys	0m0.236s

real	0m2.083s
user	0m0.717s
sys	0m0.211s

real	0m2.144s
user	0m0.753s
sys	0m0.216s

real	0m2.094s
user	0m0.727s
sys	0m0.234s

real	0m2.190s
user	0m0.721s
sys	0m0.231s

real	0m2.265s
user	0m0.771s
sys	0m0.226s

real	0m2.040s
user	0m0.744s
sys	0m0.210s

real	0m1.904s
user	0m0.671s
sys	0m0.175s

real	0m2.097s
user	0m0.725s
sys	0m0.225s

real	0m1.933s
user	0m0.645s
sys	0m0.223s

real	0m1.817s
user	0m0.664s
sys	0m0.165s

real	0m1.996s
user	0m0.647s
sys	0m0.215s

real	0m2.305s
user	0m0.713s
sys	0m0.231s

real	0m2.483s
user	0m0.734s
sys	0m0.201s

real	0m2.189s
user	0m0.733s
sys	0m0.220s

real	0m1.916s
user	0m0.647s
sys	0m0.203s

real	0m1.925s
user	0m0.669s
sys	0m0.191s

real	0m2.237s
user	0m0.745s
sys	0m0.239s

real	0m1.873s
user	0m0.724s
sys	0m0.156s

real	0m2.176s
user	0m0.738s
sys	0m0.224s

real	0m1.992s
user	0m0.683s
sys	0m0.193s

real	0m2.091s
user	0m0.696s
sys	0m0.191s

real	0m1.886s
user	0m0.649s
sys	0m0.195s

real	0m3.504s
user	0m0.786s
sys	0m0.278s

real	0m1.892s
user	0m0.679s
sys	0m0.210s

real	0m2.234s
user	0m0.775s
sys	0m0.235s

real	0m2.792s
user	0m0.603s
sys	0m0.225s

real	0m5.646s
user	0m0.558s
sys	0m0.341s

real	0m3.904s
user	0m0.779s
sys	0m0.278s

real	0m3.499s
user	0m0.606s
sys	0m0.350s

real	0m6.183s
user	0m0.538s
sys	0m0.304s

real	0m3.326s
user	0m0.430s
sys	0m0.224s

real	0m2.345s
user	0m0.428s
sys	0m0.220s

real	0m3.024s
user	0m0.642s
sys	0m0.218s

real	0m1.391s
user	0m0.505s
sys	0m0.173s

real	0m1.586s
user	0m0.562s
sys	0m0.140s
In file included from dice.h:2,
                 from ludo.c:7:
formas.h:5:6: error: redefinition of ‘cube’
    5 | void cube() {
      |      ^~~~
In file included from ludo.c:1:
formas.h:5:6: note: previous definition of ‘cube’ was here
    5 | void cube() {
      |      ^~~~
In file included from dice.h:2,
                 from ludo.c:7:
formas.h:50:6: error: redefinition of ‘tile’
   50 | void tile(float r, float g, float b) {
      |      ^~~~
In file included from ludo.c:1:
formas.h:50:6: note: previous definition of ‘tile’ was here
   50 | void tile(float r, float g, float b) {
      |      ^~~~
In file included from dice.h:2,
                 from ludo.c:7:
formas.h:60:6: error: redefinition of ‘triangle’
   60 | void triangle(float r, float g, float b) {
      |      ^~~~~~~~
In file included from ludo.c:1:
formas.h:60:6: note: previous definition of ‘triangle’ was here
   60 | void triangle(float r, float g, float b) {
      |      ^~~~~~~~
In file included from dice.h:2,
                 from ludo.c:7:
formas.h:69:6: error: redefinition of ‘circle’
   69 | void circle(float radius, int segments) {
      |      ^~~~~~
In file included from ludo.c:1:
formas.h:69:6: note: previous definition of ‘circle’ was here
   69 | void circle(float radius, int segments) {
      |      ^~~~~~

real	0m0.593s
user	0m0.172s
sys	0m0.052s
In file included from dice.h:2,
                 from ludo.c:7:
formas.h:5:6: error: redefinition of ‘cube’
    5 | void cube() {
      |      ^~~~
In file included from ludo.c:1:
formas.h:5:6: note: previous definition of ‘cube’ was here
    5 | void cube() {
      |      ^~~~
In file included from dice.h:2,
                 from ludo.c:7:
formas.h:50:6: error: redefinition of ‘tile’
   50 | void tile(float r, float g, float b) {
      |      ^~~~
In file included from ludo.c:1:
formas.h:50:6: note: previous definition of ‘tile’ was here
   50 | void tile(float r, float g, float b) {
      |      ^~~~
In file included from dice.h:2,
                 from ludo.c:7:
formas.h:60:6: error: redefinition of ‘triangle’
   60 | void triangle(float r, float g, float b) {
      |      ^~~~~~~~
In file included from ludo.c:1:
formas.h:60:6: note: previous definition of ‘triangle’ was here
   60 | void triangle(float r, float g, float b) {
      |      ^~~~~~~~
In file included from dice.h:2,
                 from ludo.c:7:
formas.h:69:6: error: redefinition of ‘circle’
   69 | void circle(float radius, int segments) {
      |      ^~~~~~
In file included from ludo.c:1:
formas.h:69:6: note: previous definition of ‘circle’ was here
   69 | void circle(float radius, int segments) {
      |      ^~~~~~

real	0m0.426s
user	0m0.134s
sys	0m0.076s
In file included from dice.h:2,
                 from ludo.c:7:
formas.h:5:6: error: redefinition of ‘cube’
    5 | void cube() {
      |      ^~~~
In file included from ludo.c:1:
formas.h:5:6: note: previous definition of ‘cube’ was here
    5 | void cube() {
      |      ^~~~
In file included from dice.h:2,
                 from ludo.c:7:
formas.h:50:6: error: redefinition of ‘tile’
   50 | void tile(float r, float g, float b) {
      |      ^~~~
In file included from ludo.c:1:
formas.h:50:6: note: previous definition of ‘tile’ was here
   50 | void tile(float r, float g, float b) {
      |      ^~~~
In file included from dice.h:2,
                 from ludo.c:7:
formas.h:60:6: error: redefinition of ‘triangle’
   60 | void triangle(float r, float g, float b) {
      |      ^~~~~~~~
In file included from ludo.c:1:
formas.h:60:6: note: previous definition of ‘triangle’ was here
   60 | void triangle(float r, float g, float b) {
      |      ^~~~~~~~
In file included from dice.h:2,
                 from ludo.c:7:
formas.h:69:6: error: redefinition of ‘circle’
   69 | void circle(float radius, int segments) {
      |      ^~~~~~
In file included from ludo.c:1:
formas.h:69:6: note: previous definition of ‘circle’ was here
   69 | void circle(float radius, int segments) {
      |      ^~~~~~

real	0m0.412s
user	0m0.151s
sys	0m0.053s

real	0m1.705s
user	0m0.649s
sys	0m0.159s

real	0m1.681s
user	0m0.598s
sys	0m0.142s

real	0m1.728s
user	0m0.640s
sys	0m0.144s

real	0m1.723s
user	0m0.615s
sys	0m0.181s

real	0m1.812s
user	0m0.674s
sys	0m0.147s

real	0m1.899s
user	0m0.653s
sys	0m0.193s

real	0m1.840s
user	0m0.681s
sys	0m0.150s

real	0m1.727s
user	0m0.670s
sys	0m0.152s
In file included from ludo.c:6:
dice.h: In function ‘dice’:
dice.h:255:5: error: too few arguments to function ‘cube’
  255 |     cube();
      |     ^~~~
In file included from dice.h:2,
                 from ludo.c:6:
formas.h:5:6: note: declared here
    5 | void cube(float r, float g, float b) {
      |      ^~~~

real	0m0.490s
user	0m0.140s
sys	0m0.065s

real	0m1.791s
user	0m0.666s
sys	0m0.127s

real	0m1.717s
user	0m0.720s
sys	0m0.131s

real	0m2.015s
user	0m0.704s
sys	0m0.212s
ludo.c: In function ‘camPosition’:
ludo.c:241:3: error: unknown type name ‘c’
  241 |   c
      |   ^
ludo.c:242:30: error: expected ‘)’ before numeric constant
  242 |   gluLookAt(xCam, yCam, zCam, // posição da câmera
      |                              ^
      |                              )
  243 |             0.0, -3.0, 0.0,   // para onde a câmera aponta
      |             ~~~               

real	0m0.805s
user	0m0.192s
sys	0m0.114s

real	0m3.226s
user	0m0.742s
sys	0m0.260s

real	0m2.059s
user	0m0.754s
sys	0m0.198s

real	0m2.496s
user	0m0.892s
sys	0m0.223s

real	0m2.008s
user	0m0.730s
sys	0m0.180s

real	0m2.144s
user	0m0.772s
sys	0m0.192s

real	0m1.797s
user	0m0.601s
sys	0m0.214s

real	0m1.665s
user	0m0.590s
sys	0m0.159s

real	0m2.279s
user	0m0.743s
sys	0m0.265s

real	0m1.867s
user	0m0.720s
sys	0m0.187s
In file included from ludo.c:7:
formas.h:5:6: error: redefinition of ‘cube’
    5 | void cube() {
      |      ^~~~
In file included from dice.h:2,
                 from ludo.c:6:
formas.h:5:6: note: previous definition of ‘cube’ was here
    5 | void cube() {
      |      ^~~~
In file included from ludo.c:7:
formas.h:49:6: error: redefinition of ‘tile’
   49 | void tile(float r, float g, float b) {
      |      ^~~~
In file included from dice.h:2,
                 from ludo.c:6:
formas.h:49:6: note: previous definition of ‘tile’ was here
   49 | void tile(float r, float g, float b) {
      |      ^~~~
In file included from ludo.c:7:
formas.h:59:6: error: redefinition of ‘triangle’
   59 | void triangle(float r, float g, float b) {
      |      ^~~~~~~~
In file included from dice.h:2,
                 from ludo.c:6:
formas.h:59:6: note: previous definition of ‘triangle’ was here
   59 | void triangle(float r, float g, float b) {
      |      ^~~~~~~~
In file included from ludo.c:7:
formas.h:68:6: error: redefinition of ‘circle’
   68 | void circle(float radius, int segments) {
      |      ^~~~~~
In file included from dice.h:2,
                 from ludo.c:6:
formas.h:68:6: note: previous definition of ‘circle’ was here
   68 | void circle(float radius, int segments) {
      |      ^~~~~~

real	0m0.509s
user	0m0.149s
sys	0m0.100s

real	0m1.815s
user	0m0.731s
sys	0m0.166s

real	0m1.915s
user	0m0.709s
sys	0m0.156s

real	0m1.515s
user	0m0.530s
sys	0m0.194s

real	0m1.939s
user	0m0.675s
sys	0m0.204s

real	0m1.926s
user	0m0.669s
sys	0m0.198s
ludo.c: In function ‘camPosition’:
ludo.c:248:8: error: invalid operands to binary - (have ‘float’ and ‘float *’)
  248 |   xCam -= difX;
      |        ^~ ~~~~
      |           |
      |           float *
ludo.c:249:8: error: invalid operands to binary - (have ‘float’ and ‘float *’)
  249 |   yCam -= difY;
      |        ^~ ~~~~
      |           |
      |           float *
ludo.c:250:8: error: invalid operands to binary - (have ‘float’ and ‘float *’)
  250 |   zCam -= difZ;
      |        ^~ ~~~~
      |           |
      |           float *
ludo.c:251:12: error: invalid operands to binary <= (have ‘float’ and ‘float *’)
  251 |   if (xCam <= targetX)
      |            ^~
      |            |
      |            float *
ludo.c:252:12: error: incompatible types when assigning to type ‘float’ from type ‘float *’
  252 |     xCam = targetX;
      |            ^~~~~~~
ludo.c:253:12: error: invalid operands to binary <= (have ‘float’ and ‘float *’)
  253 |   if (yCam <= targetY)
      |            ^~
      |            |
      |            float *
ludo.c:254:12: error: incompatible types when assigning to type ‘float’ from type ‘float *’
  254 |     yCam = targetY;
      |            ^~~~~~~
ludo.c:255:12: error: invalid operands to binary <= (have ‘float’ and ‘float *’)
  255 |   if (zCam <= targetZ)
      |            ^~
      |            |
      |            float *
ludo.c:256:12: error: incompatible types when assigning to type ‘float’ from type ‘float *’
  256 |     zCam = targetZ;
      |            ^~~~~~~

real	0m0.497s
user	0m0.133s
sys	0m0.103s

real	0m1.818s
user	0m0.649s
sys	0m0.159s

real	0m1.988s
user	0m0.654s
sys	0m0.161s

real	0m1.904s
user	0m0.603s
sys	0m0.194s

real	0m1.901s
user	0m0.627s
sys	0m0.199s
ludo.c: In function ‘handleTurn’:
ludo.c:215:7: error: too few arguments to function ‘moveSelectedPawn’
  215 |       moveSelectedPawn();
      |       ^~~~~~~~~~~~~~~~
ludo.c:200:6: note: declared here
  200 | void moveSelectedPawn(int diceValue) {
      |      ^~~~~~~~~~~~~~~~

real	0m1.082s
user	0m0.164s
sys	0m0.083s
ludo.c: In function ‘handleTurn’:
ludo.c:226:7: error: too few arguments to function ‘moveSelectedPawn’
  226 |       moveSelectedPawn();
      |       ^~~~~~~~~~~~~~~~
ludo.c:207:6: note: declared here
  207 | void moveSelectedPawn(int diceValue) {
      |      ^~~~~~~~~~~~~~~~

real	0m0.692s
user	0m0.150s
sys	0m0.062s
ludo.c: In function ‘moveSelectedPawn’:
ludo.c:208:69: error: ‘diceValue’ undeclared (first use in this function)
  208 |   printf("\n moving pawn %d from team %d - %d", selectedPawn, turn, diceValue);
      |                                                                     ^~~~~~~~~
ludo.c:208:69: note: each undeclared identifier is reported only once for each function it appears in

real	0m0.566s
user	0m0.144s
sys	0m0.113s

real	0m2.420s
user	0m0.817s
sys	0m0.184s

real	0m2.141s
user	0m0.742s
sys	0m0.155s

real	0m1.744s
user	0m0.679s
sys	0m0.165s

real	0m9.585s
user	0m1.437s
sys	0m0.460s

real	0m2.006s
user	0m0.694s
sys	0m0.164s

real	0m2.176s
user	0m0.746s
sys	0m0.198s

real	0m1.932s
user	0m0.593s
sys	0m0.181s

real	0m2.030s
user	0m0.705s
sys	0m0.157s

real	0m2.027s
user	0m0.691s
sys	0m0.144s
ludo.c: In function ‘startNextTurn’:
ludo.c:237:16: error: incompatible type for argument 1 of ‘checkWin’
  237 |   if (checkWin(turn)) {
      |                ^~~~
      |                |
      |                int
ludo.c:208:22: note: expected ‘Player’ but argument is of type ‘int’
  208 | void checkWin(Player p) {
      |               ~~~~~~~^

real	0m0.521s
user	0m0.150s
sys	0m0.071s

real	0m2.593s
user	0m0.830s
sys	0m0.172s

real	0m4.886s
user	0m0.624s
sys	0m0.214s

real	0m2.506s
user	0m0.751s
sys	0m0.192s

real	0m2.218s
user	0m0.680s
sys	0m0.153s

real	0m2.290s
user	0m0.640s
sys	0m0.195s

real	0m2.199s
user	0m0.655s
sys	0m0.160s

real	0m1.979s
user	0m0.639s
sys	0m0.148s
ludo.c: In function ‘trySelectPawn’:
ludo.c:262:58: error: expected statement before ‘)’ token
  262 |       if (p.pawns[i].state != 0 && p.pawns[i].state != 4)){
      |                                                          ^

real	0m0.914s
user	0m0.156s
sys	0m0.077s
ludo.c: In function ‘trySelectPawn’:
ludo.c:258:15: error: ‘i’ undeclared (first use in this function)
  258 |   if (p.pawns[i].state != 0 && p.pawns[i].state != 4) {
      |               ^
ludo.c:258:15: note: each undeclared identifier is reported only once for each function it appears in

real	0m0.578s
user	0m0.173s
sys	0m0.066s

real	0m1.912s
user	0m0.648s
sys	0m0.159s
ludo.c: In function ‘tryDrawNewPawn’:
ludo.c:318:31: error: ‘id’ undeclared (first use in this function); did you mean ‘i’?
  318 |         startPawnInGame(turn, id);
      |                               ^~
      |                               i
ludo.c:318:31: note: each undeclared identifier is reported only once for each function it appears in

real	0m0.620s
user	0m0.185s
sys	0m0.065s

real	0m2.209s
user	0m0.696s
sys	0m0.187s
ludo.c: In function ‘dice_animation’:
ludo.c:190:3: warning: implicit declaration of function ‘turnView’ [-Wimplicit-function-declaration]
  190 |   turnView();
      |   ^~~~~~~~
ludo.c: At top level:
ludo.c:399:6: warning: conflicting types for ‘turnView’
  399 | void turnView() {
      |      ^~~~~~~~
ludo.c:190:3: note: previous implicit declaration of ‘turnView’ was here
  190 |   turnView();
      |   ^~~~~~~~

real	0m3.094s
user	0m0.780s
sys	0m0.224s

real	0m2.388s
user	0m0.746s
sys	0m0.151s

real	0m2.438s
user	0m0.712s
sys	0m0.196s
ludo.c: In function ‘keyboard’:
ludo.c:571:44: error: expected statement before ‘)’ token
  571 |     if (gameState == 0 && turnState == 0) {)
      |                                            ^
ludo.c:635:1: error: expected declaration or statement at end of input
  635 | }
      | ^

real	0m0.668s
user	0m0.195s
sys	0m0.073s
ludo.c: In function ‘keyboard’:
ludo.c:635:1: error: expected declaration or statement at end of input
  635 | }
      | ^

real	0m1.145s
user	0m0.173s
sys	0m0.091s
ludo.c: In function ‘keyboard’:
ludo.c:636:3: error: expected declaration or statement at end of input
  636 |   }
      |   ^

real	0m0.700s
user	0m0.174s
sys	0m0.088s

real	0m2.383s
user	0m0.690s
sys	0m0.177s

real	0m2.999s
user	0m0.705s
sys	0m0.197s
ludo.c: In function ‘tryDrawNewPawn’:
ludo.c:321:24: error: expected ‘;’ before ‘return’
  321 |         startNextTurn() return;
      |                        ^~~~~~~
      |                        ;

real	0m0.603s
user	0m0.145s
sys	0m0.081s
ludo.c: In function ‘tryDrawNewPawn’:
ludo.c:321:24: error: expected ‘;’ before ‘return’
  321 |         startNextTurn() return;
      |                        ^~~~~~~
      |                        ;

real	0m0.507s
user	0m0.143s
sys	0m0.091s
ludo.c: In function ‘tryDrawNewPawn’:
ludo.c:321:24: error: expected ‘;’ before ‘return’
  321 |         startNextTurn() return;
      |                        ^~~~~~~
      |                        ;

real	0m0.605s
user	0m0.166s
sys	0m0.069s

real	0m2.183s
user	0m0.744s
sys	0m0.135s

real	0m2.090s
user	0m0.715s
sys	0m0.165s
ludo.c: In function ‘moveSelectedPawn’:
ludo.c:304:20: error: expected ‘;’ before ‘)’ token
  304 |          diceResult);
      |                    ^
      |                    ;
ludo.c:304:20: error: expected statement before ‘)’ token

real	0m0.514s
user	0m0.158s
sys	0m0.069s

real	0m2.141s
user	0m0.744s
sys	0m0.202s

real	0m1.898s
user	0m0.705s
sys	0m0.162s

real	0m2.188s
user	0m0.770s
sys	0m0.192s

real	0m1.834s
user	0m0.682s
sys	0m0.181s

real	0m1.900s
user	0m0.695s
sys	0m0.158s

real	0m1.917s
user	0m0.700s
sys	0m0.155s

real	0m1.633s
user	0m0.659s
sys	0m0.145s

real	0m6.495s
user	0m0.752s
sys	0m0.352s

real	0m1.888s
user	0m0.587s
sys	0m0.261s

real	0m1.326s
user	0m0.482s
sys	0m0.182s

real	0m1.318s
user	0m0.468s
sys	0m0.186s

real	0m1.698s
user	0m0.573s
sys	0m0.227s

real	0m1.743s
user	0m0.544s
sys	0m0.184s

real	0m2.179s
user	0m0.522s
sys	0m0.194s

real	0m3.706s
user	0m0.599s
sys	0m0.190s

real	0m1.992s
user	0m0.576s
sys	0m0.238s

real	0m1.494s
user	0m0.462s
sys	0m0.184s

real	0m1.731s
user	0m0.551s
sys	0m0.189s

real	0m1.711s
user	0m0.534s
sys	0m0.195s

real	0m1.587s
user	0m0.530s
sys	0m0.197s

real	0m4.179s
user	0m1.144s
sys	0m0.340s

real	0m4.223s
user	0m1.056s
sys	0m0.403s

real	0m5.995s
user	0m0.867s
sys	0m0.392s

real	0m1.611s
user	0m0.524s
sys	0m0.209s

real	0m1.716s
user	0m0.553s
sys	0m0.190s

real	0m1.508s
user	0m0.464s
sys	0m0.192s

real	0m1.874s
user	0m0.545s
sys	0m0.245s

real	0m1.768s
user	0m0.536s
sys	0m0.184s

real	0m1.707s
user	0m0.542s
sys	0m0.229s

real	0m1.395s
user	0m0.457s
sys	0m0.180s

real	0m1.778s
user	0m0.498s
sys	0m0.215s

real	0m1.490s
user	0m0.465s
sys	0m0.192s

real	0m1.837s
user	0m0.567s
sys	0m0.191s

real	0m1.881s
user	0m0.590s
sys	0m0.206s

real	0m1.705s
user	0m0.565s
sys	0m0.208s

real	0m1.788s
user	0m0.514s
sys	0m0.208s

real	0m1.579s
user	0m0.509s
sys	0m0.155s

real	0m1.613s
user	0m0.500s
sys	0m0.197s

real	0m1.596s
user	0m0.528s
sys	0m0.147s

real	0m1.894s
user	0m0.533s
sys	0m0.192s

real	0m1.591s
user	0m0.512s
sys	0m0.183s

real	0m1.846s
user	0m0.610s
sys	0m0.177s

real	0m2.212s
user	0m0.633s
sys	0m0.188s

real	0m1.717s
user	0m0.549s
sys	0m0.187s

real	0m1.512s
user	0m0.470s
sys	0m0.181s

real	0m1.788s
user	0m0.594s
sys	0m0.204s

real	0m1.596s
user	0m0.478s
sys	0m0.201s

real	0m1.598s
user	0m0.513s
sys	0m0.181s

real	0m1.759s
user	0m0.565s
sys	0m0.203s

real	0m1.689s
user	0m0.548s
sys	0m0.179s

real	0m1.482s
user	0m0.500s
sys	0m0.153s

real	0m1.718s
user	0m0.551s
sys	0m0.202s

real	0m1.740s
user	0m0.447s
sys	0m0.230s

real	0m1.528s
user	0m0.523s
sys	0m0.175s

real	0m1.897s
user	0m0.605s
sys	0m0.213s

real	0m1.588s
user	0m0.527s
sys	0m0.173s

real	0m1.517s
user	0m0.510s
sys	0m0.138s

real	0m1.827s
user	0m0.600s
sys	0m0.178s

real	0m1.714s
user	0m0.551s
sys	0m0.199s

real	0m1.607s
user	0m0.558s
sys	0m0.178s

real	0m1.678s
user	0m0.504s
sys	0m0.201s

real	0m1.576s
user	0m0.504s
sys	0m0.174s

real	0m1.330s
user	0m0.425s
sys	0m0.173s

real	0m1.709s
user	0m0.552s
sys	0m0.192s

real	0m1.705s
user	0m0.578s
sys	0m0.161s

real	0m1.678s
user	0m0.569s
sys	0m0.183s

real	0m1.494s
user	0m0.481s
sys	0m0.179s

real	0m1.623s
user	0m0.553s
sys	0m0.192s

real	0m1.509s
user	0m0.548s
sys	0m0.134s

real	0m1.593s
user	0m0.590s
sys	0m0.175s

real	0m1.586s
user	0m0.537s
sys	0m0.181s

real	0m1.573s
user	0m0.540s
sys	0m0.181s

real	0m1.408s
user	0m0.550s
sys	0m0.150s

real	0m1.548s
user	0m0.484s
sys	0m0.219s

real	0m1.678s
user	0m0.563s
sys	0m0.206s

real	0m1.372s
user	0m0.442s
sys	0m0.186s

real	0m1.372s
user	0m0.434s
sys	0m0.194s

real	0m1.509s
user	0m0.526s
sys	0m0.181s

real	0m1.215s
user	0m0.445s
sys	0m0.142s

real	0m1.396s
user	0m0.506s
sys	0m0.156s

real	0m1.500s
user	0m0.527s
sys	0m0.194s

real	0m1.399s
user	0m0.490s
sys	0m0.201s

real	0m1.235s
user	0m0.421s
sys	0m0.188s

real	0m1.327s
user	0m0.438s
sys	0m0.165s

real	0m1.487s
user	0m0.473s
sys	0m0.188s

real	0m1.618s
user	0m0.588s
sys	0m0.202s

real	0m1.508s
user	0m0.519s
sys	0m0.189s

real	0m1.908s
user	0m0.625s
sys	0m0.219s

real	0m1.922s
user	0m0.680s
sys	0m0.186s

real	0m1.321s
user	0m0.480s
sys	0m0.191s

real	0m1.496s
user	0m0.527s
sys	0m0.180s

real	0m1.630s
user	0m0.563s
sys	0m0.215s

real	0m2.688s
user	0m0.938s
sys	0m0.232s

real	0m2.234s
user	0m0.841s
sys	0m0.169s

real	0m2.207s
user	0m0.840s
sys	0m0.161s

real	0m2.496s
user	0m0.869s
sys	0m0.238s

real	0m2.006s
user	0m0.727s
sys	0m0.201s

real	0m2.294s
user	0m0.820s
sys	0m0.208s

real	0m2.203s
user	0m0.752s
sys	0m0.229s
ludo.c: In function ‘rollDice’:
ludo.c:322:23: error: expected statement before ‘)’ token
  322 |   if (diceResult == 6)){
      |                       ^
ludo.c:327:3: error: ‘else’ without a previous ‘if’
  327 |   else {
      |   ^~~~

real	0m1.917s
user	0m0.223s
sys	0m0.101s

real	0m2.376s
user	0m0.798s
sys	0m0.221s

real	0m2.364s
user	0m0.797s
sys	0m0.168s

real	0m2.604s
user	0m0.922s
sys	0m0.175s

real	0m2.692s
user	0m0.841s
sys	0m0.214s

real	0m2.221s
user	0m0.773s
sys	0m0.221s

real	0m2.411s
user	0m0.825s
sys	0m0.176s

real	0m2.689s
user	0m0.762s
sys	0m0.153s

real	0m2.606s
user	0m0.904s
sys	0m0.184s

real	0m2.835s
user	0m0.812s
sys	0m0.151s

real	0m2.376s
user	0m0.789s
sys	0m0.179s

real	0m2.671s
user	0m0.877s
sys	0m0.217s
ludo.c: In function ‘startNextTurn’:
ludo.c:288:9: error: ‘diceResultesult’ undeclared (first use in this function); did you mean ‘diceResult’?
  288 |     if (diceResultesult == 6) {
      |         ^~~~~~~~~~~~~~~
      |         diceResult
ludo.c:288:9: note: each undeclared identifier is reported only once for each function it appears in

real	0m3.384s
user	0m0.286s
sys	0m0.201s

real	0m6.179s
user	0m1.527s
sys	0m0.417s

real	0m2.317s
user	0m0.773s
sys	0m0.189s

real	0m2.486s
user	0m0.858s
sys	0m0.249s

real	0m2.379s
user	0m0.854s
sys	0m0.254s

real	0m6.504s
user	0m1.193s
sys	0m0.270s

real	0m2.284s
user	0m0.820s
sys	0m0.195s

real	0m2.329s
user	0m0.852s
sys	0m0.198s

real	0m2.464s
user	0m0.872s
sys	0m0.206s

real	0m2.666s
user	0m0.952s
sys	0m0.246s

real	0m2.294s
user	0m0.823s
sys	0m0.195s

real	0m2.001s
user	0m0.768s
sys	0m0.189s

real	0m2.188s
user	0m0.774s
sys	0m0.197s

real	0m2.278s
user	0m0.811s
sys	0m0.201s

real	0m2.369s
user	0m0.829s
sys	0m0.216s

real	0m2.394s
user	0m0.869s
sys	0m0.196s

real	0m2.316s
user	0m0.828s
sys	0m0.230s

real	0m2.137s
user	0m0.767s
sys	0m0.200s

real	0m2.247s
user	0m0.832s
sys	0m0.189s

real	0m2.398s
user	0m0.866s
sys	0m0.226s

real	0m2.325s
user	0m0.847s
sys	0m0.213s

real	0m2.064s
user	0m0.735s
sys	0m0.159s

real	0m2.309s
user	0m0.883s
sys	0m0.164s

real	0m2.405s
user	0m0.891s
sys	0m0.176s

real	0m1.889s
user	0m0.784s
sys	0m0.129s

real	0m2.327s
user	0m0.851s
sys	0m0.203s

real	0m2.528s
user	0m0.926s
sys	0m0.192s

real	0m2.500s
user	0m0.902s
sys	0m0.199s

real	0m2.384s
user	0m0.850s
sys	0m0.204s

real	0m1.938s
user	0m0.756s
sys	0m0.150s

real	0m2.235s
user	0m0.827s
sys	0m0.190s

real	0m2.280s
user	0m0.814s
sys	0m0.190s

real	0m2.336s
user	0m0.828s
sys	0m0.210s

real	0m2.376s
user	0m0.868s
sys	0m0.202s

real	0m2.115s
user	0m0.791s
sys	0m0.159s

real	0m2.390s
user	0m0.896s
sys	0m0.183s

real	0m2.389s
user	0m0.882s
sys	0m0.184s

real	0m2.117s
user	0m0.789s
sys	0m0.185s

real	0m2.411s
user	0m0.873s
sys	0m0.199s

real	0m2.021s
user	0m0.748s
sys	0m0.186s

real	0m2.241s
user	0m0.866s
sys	0m0.156s

real	0m2.420s
user	0m0.917s
sys	0m0.178s

real	0m2.330s
user	0m0.873s
sys	0m0.196s

real	0m2.273s
user	0m0.824s
sys	0m0.167s

real	0m2.291s
user	0m0.808s
sys	0m0.240s

real	0m2.303s
user	0m0.824s
sys	0m0.260s

real	0m2.463s
user	0m0.864s
sys	0m0.224s

real	0m2.367s
user	0m0.882s
sys	0m0.177s

real	0m1.996s
user	0m0.786s
sys	0m0.127s

real	0m2.278s
user	0m0.816s
sys	0m0.206s

real	0m2.099s
user	0m0.787s
sys	0m0.155s

real	0m2.336s
user	0m0.878s
sys	0m0.193s

real	0m2.169s
user	0m0.831s
sys	0m0.131s

real	0m2.310s
user	0m0.808s
sys	0m0.238s

real	0m2.300s
user	0m0.836s
sys	0m0.194s

real	0m1.864s
user	0m0.703s
sys	0m0.181s

real	0m2.308s
user	0m0.867s
sys	0m0.151s

real	0m2.569s
user	0m0.924s
sys	0m0.201s

real	0m2.017s
user	0m0.762s
sys	0m0.163s

real	0m1.999s
user	0m0.761s
sys	0m0.160s

real	0m1.888s
user	0m0.686s
sys	0m0.164s

real	0m2.027s
user	0m0.771s
sys	0m0.186s

real	0m2.292s
user	0m0.524s
sys	0m0.223s

real	0m3.432s
user	0m0.902s
sys	0m0.287s

real	0m2.022s
user	0m0.748s
sys	0m0.168s

real	0m2.114s
user	0m0.752s
sys	0m0.195s

real	0m2.966s
user	0m0.855s
sys	0m0.162s

real	0m2.068s
user	0m0.556s
sys	0m0.317s

real	0m1.391s
user	0m0.477s
sys	0m0.196s

real	0m1.896s
user	0m0.587s
sys	0m0.243s

real	0m1.399s
user	0m0.493s
sys	0m0.180s

real	0m1.399s
user	0m0.456s
sys	0m0.190s

real	0m1.402s
user	0m0.467s
sys	0m0.193s

real	0m1.411s
user	0m0.508s
sys	0m0.152s

real	0m1.507s
user	0m0.495s
sys	0m0.171s

real	0m1.324s
user	0m0.457s
sys	0m0.200s

real	0m1.997s
user	0m0.588s
sys	0m0.243s

real	0m2.601s
user	0m0.554s
sys	0m0.224s
ludo.c: In function ‘checkSharedTiles’:
ludo.c:362:18: error: ‘Pawn’ has no member named ‘side’
  362 |   int side = pawn->side;
      |                  ^~
ludo.c: In function ‘playerSideArea’:
ludo.c:558:7: error: called object ‘tile’ is not a function or function pointer
  558 |       tile(r, g, b);
      |       ^~~~
ludo.c:361:7: note: declared here
  361 |   int tile = pawn->tileNum;
      |       ^~~~
ludo.c:572:7: error: called object ‘tile’ is not a function or function pointer
  572 |       tile(1, 1, 1);
      |       ^~~~
ludo.c:361:7: note: declared here
  361 |   int tile = pawn->tileNum;
      |       ^~~~
ludo.c:580:9: error: called object ‘tile’ is not a function or function pointer
  580 |         tile(1.0, 1.0, 1.0);
      |         ^~~~
ludo.c:361:7: note: declared here
  361 |   int tile = pawn->tileNum;
      |       ^~~~
ludo.c:588:9: error: called object ‘tile’ is not a function or function pointer
  588 |         tile(r, g, b);
      |         ^~~~
ludo.c:361:7: note: declared here
  361 |   int tile = pawn->tileNum;
      |       ^~~~
ludo.c:591:7: error: called object ‘tile’ is not a function or function pointer
  591 |       tile(1.0, 1.0, 1.0);
      |       ^~~~
ludo.c:361:7: note: declared here
  361 |   int tile = pawn->tileNum;
      |       ^~~~
ludo.c:599:11: error: called object ‘tile’ is not a function or function pointer
  599 |           tile(r, g, b);
      |           ^~~~
ludo.c:361:7: note: declared here
  361 |   int tile = pawn->tileNum;
      |       ^~~~
ludo.c:601:11: error: called object ‘tile’ is not a function or function pointer
  601 |           tile(1.0, 1.0, 1.0);
      |           ^~~~
ludo.c:361:7: note: declared here
  361 |   int tile = pawn->tileNum;
      |       ^~~~
ludo.c: In function ‘checkSharedTiles’:
ludo.c:756:5: error: expected declaration or statement at end of input
  756 |     }
      |     ^
ludo.c:756:5: error: expected declaration or statement at end of input

real	0m0.497s
user	0m0.099s
sys	0m0.113s
ludo.c: In function ‘playerSideArea’:
ludo.c:558:7: error: called object ‘tile’ is not a function or function pointer
  558 |       tile(r, g, b);
      |       ^~~~
ludo.c:361:7: note: declared here
  361 |   int tile = pawn.tileNum;
      |       ^~~~
ludo.c:572:7: error: called object ‘tile’ is not a function or function pointer
  572 |       tile(1, 1, 1);
      |       ^~~~
ludo.c:361:7: note: declared here
  361 |   int tile = pawn.tileNum;
      |       ^~~~
ludo.c:580:9: error: called object ‘tile’ is not a function or function pointer
  580 |         tile(1.0, 1.0, 1.0);
      |         ^~~~
ludo.c:361:7: note: declared here
  361 |   int tile = pawn.tileNum;
      |       ^~~~
ludo.c:588:9: error: called object ‘tile’ is not a function or function pointer
  588 |         tile(r, g, b);
      |         ^~~~
ludo.c:361:7: note: declared here
  361 |   int tile = pawn.tileNum;
      |       ^~~~
ludo.c:591:7: error: called object ‘tile’ is not a function or function pointer
  591 |       tile(1.0, 1.0, 1.0);
      |       ^~~~
ludo.c:361:7: note: declared here
  361 |   int tile = pawn.tileNum;
      |       ^~~~
ludo.c:599:11: error: called object ‘tile’ is not a function or function pointer
  599 |           tile(r, g, b);
      |           ^~~~
ludo.c:361:7: note: declared here
  361 |   int tile = pawn.tileNum;
      |       ^~~~
ludo.c:601:11: error: called object ‘tile’ is not a function or function pointer
  601 |           tile(1.0, 1.0, 1.0);
      |           ^~~~
ludo.c:361:7: note: declared here
  361 |   int tile = pawn.tileNum;
      |       ^~~~
ludo.c: In function ‘checkSharedTiles’:
ludo.c:756:5: error: expected declaration or statement at end of input
  756 |     }
      |     ^
ludo.c:756:5: error: expected declaration or statement at end of input

real	0m0.408s
user	0m0.125s
sys	0m0.076s

real	0m1.311s
user	0m0.482s
sys	0m0.170s
ludo.c: In function ‘playerSideArea’:
ludo.c:559:3: error: called object ‘tile’ is not a function or function pointer
  559 |   tile(r, g, b);
      |   ^~~~
ludo.c:363:7: note: declared here
  363 |   int tile = pawn.tileNum;
      |       ^~~~
ludo.c:573:3: error: called object ‘tile’ is not a function or function pointer
  573 |   tile(1, 1, 1);
      |   ^~~~
ludo.c:363:7: note: declared here
  363 |   int tile = pawn.tileNum;
      |       ^~~~
ludo.c:581:5: error: called object ‘tile’ is not a function or function pointer
  581 |     tile(1.0, 1.0, 1.0);
      |     ^~~~
ludo.c:363:7: note: declared here
  363 |   int tile = pawn.tileNum;
      |       ^~~~
ludo.c:589:5: error: called object ‘tile’ is not a function or function pointer
  589 |     tile(r, g, b);
      |     ^~~~
ludo.c:363:7: note: declared here
  363 |   int tile = pawn.tileNum;
      |       ^~~~
ludo.c:592:3: error: called object ‘tile’ is not a function or function pointer
  592 |   tile(1.0, 1.0, 1.0);
      |   ^~~~
ludo.c:363:7: note: declared here
  363 |   int tile = pawn.tileNum;
      |       ^~~~
ludo.c:600:7: error: called object ‘tile’ is not a function or function pointer
  600 |       tile(r, g, b);
      |       ^~~~
ludo.c:363:7: note: declared here
  363 |   int tile = pawn.tileNum;
      |       ^~~~
ludo.c:602:7: error: called object ‘tile’ is not a function or function pointer
  602 |       tile(1.0, 1.0, 1.0);
      |       ^~~~
ludo.c:363:7: note: declared here
  363 |   int tile = pawn.tileNum;
      |       ^~~~
ludo.c: In function ‘checkSharedTiles’:
ludo.c:753:1: error: expected declaration or statement at end of input
  753 | }
      | ^
ludo.c:753:1: error: expected declaration or statement at end of input

real	0m0.378s
user	0m0.093s
sys	0m0.071s
ludo.c: In function ‘playerSideArea’:
ludo.c:557:5: error: called object ‘tile’ is not a function or function pointer
  557 |     tile(r, g, b);
      |     ^~~~
ludo.c:361:7: note: declared here
  361 |   int tile = pawn.tileNum;
      |       ^~~~
ludo.c:571:5: error: called object ‘tile’ is not a function or function pointer
  571 |     tile(1, 1, 1);
      |     ^~~~
ludo.c:361:7: note: declared here
  361 |   int tile = pawn.tileNum;
      |       ^~~~
ludo.c:579:7: error: called object ‘tile’ is not a function or function pointer
  579 |       tile(1.0, 1.0, 1.0);
      |       ^~~~
ludo.c:361:7: note: declared here
  361 |   int tile = pawn.tileNum;
      |       ^~~~
ludo.c:587:7: error: called object ‘tile’ is not a function or function pointer
  587 |       tile(r, g, b);
      |       ^~~~
ludo.c:361:7: note: declared here
  361 |   int tile = pawn.tileNum;
      |       ^~~~
ludo.c:590:5: error: called object ‘tile’ is not a function or function pointer
  590 |     tile(1.0, 1.0, 1.0);
      |     ^~~~
ludo.c:361:7: note: declared here
  361 |   int tile = pawn.tileNum;
      |       ^~~~
ludo.c:598:9: error: called object ‘tile’ is not a function or function pointer
  598 |         tile(r, g, b);
      |         ^~~~
ludo.c:361:7: note: declared here
  361 |   int tile = pawn.tileNum;
      |       ^~~~
ludo.c:600:9: error: called object ‘tile’ is not a function or function pointer
  600 |         tile(1.0, 1.0, 1.0);
      |         ^~~~
ludo.c:361:7: note: declared here
  361 |   int tile = pawn.tileNum;
      |       ^~~~
ludo.c: In function ‘checkSharedTiles’:
ludo.c:751:3: error: expected declaration or statement at end of input
  751 |   }
      |   ^

real	0m0.397s
user	0m0.118s
sys	0m0.072s
ludo.c: In function ‘checkSharedTiles’:
ludo.c:751:3: error: expected declaration or statement at end of input
  751 |   }
      |   ^

real	0m0.381s
user	0m0.099s
sys	0m0.078s

real	0m1.402s
user	0m0.512s
sys	0m0.158s

real	0m1.503s
user	0m0.570s
sys	0m0.134s

real	0m1.854s
user	0m0.647s
sys	0m0.176s

real	0m1.565s
user	0m0.536s
sys	0m0.201s

real	0m1.309s
user	0m0.478s
sys	0m0.180s

real	0m1.688s
user	0m0.551s
sys	0m0.204s

real	0m1.487s
user	0m0.494s
sys	0m0.190s

real	0m1.333s
user	0m0.470s
sys	0m0.167s

real	0m1.502s
user	0m0.488s
sys	0m0.205s

real	0m1.306s
user	0m0.437s
sys	0m0.175s

real	0m1.875s
user	0m0.633s
sys	0m0.199s

real	0m1.517s
user	0m0.496s
sys	0m0.200s

real	0m1.368s
user	0m0.451s
sys	0m0.166s

real	0m1.495s
user	0m0.520s
sys	0m0.164s

real	0m1.850s
user	0m0.607s
sys	0m0.233s

real	0m1.684s
user	0m0.567s
sys	0m0.182s

real	0m1.635s
user	0m0.575s
sys	0m0.193s

real	0m1.806s
user	0m0.632s
sys	0m0.210s
ludo.c: In function ‘checkSharedTiles’:
ludo.c:379:21: error: ‘ss’ undeclared (first use in this function)
  379 |                  i, ss, team, pawn.mapSide, side, side2);
      |                     ^~
ludo.c:379:21: note: each undeclared identifier is reported only once for each function it appears in

real	0m0.400s
user	0m0.125s
sys	0m0.087s
ludo.c: In function ‘checkSharedTiles’:
ludo.c:379:21: error: ‘ss’ undeclared (first use in this function)
  379 |                  i, ss, team, pawn.mapSide, side, side2);
      |                     ^~
ludo.c:379:21: note: each undeclared identifier is reported only once for each function it appears in

real	0m0.509s
user	0m0.102s
sys	0m0.096s
ludo.c: In function ‘checkSharedTiles’:
ludo.c:379:21: error: ‘ss’ undeclared (first use in this function)
  379 |                  i, ss, team, pawn.mapSide, side, side2);
      |                     ^~
ludo.c:379:21: note: each undeclared identifier is reported only once for each function it appears in

real	0m0.391s
user	0m0.085s
sys	0m0.100s
ludo.c: In function ‘checkSharedTiles’:
ludo.c:379:21: error: ‘ss’ undeclared (first use in this function)
  379 |                  i, ss, team, pawn.mapSide, side, side2);
      |                     ^~
ludo.c:379:21: note: each undeclared identifier is reported only once for each function it appears in

real	0m0.475s
user	0m0.113s
sys	0m0.088s

real	0m1.609s
user	0m0.572s
sys	0m0.141s

real	0m1.663s
user	0m0.586s
sys	0m0.168s

real	0m1.800s
user	0m0.595s
sys	0m0.213s

real	0m1.587s
user	0m0.540s
sys	0m0.194s

real	0m1.810s
user	0m0.560s
sys	0m0.207s

real	0m1.674s
user	0m0.561s
sys	0m0.191s

real	0m1.604s
user	0m0.508s
sys	0m0.252s

real	0m1.528s
user	0m0.520s
sys	0m0.230s

real	0m1.676s
user	0m0.538s
sys	0m0.246s

real	0m1.962s
user	0m0.607s
sys	0m0.211s

real	0m1.699s
user	0m0.529s
sys	0m0.222s
ludo.c: In function ‘getRealSide’:
ludo.c:352:16: error: expected ‘;’ before ‘return’
  352 |   val = val % 4
      |                ^
      |                ;
  353 |   return val;
      |   ~~~~~~        

real	0m0.614s
user	0m0.119s
sys	0m0.103s

real	0m1.900s
user	0m0.563s
sys	0m0.241s

real	0m2.072s
user	0m0.681s
sys	0m0.175s

real	0m1.651s
user	0m0.511s
sys	0m0.209s
ludo.c: In function ‘checkSharedTiles’:
ludo.c:372:40: error: expected ‘;’ before ‘)’ token
  372 |                    tileNum, side, side2);
      |                                        ^
      |                                        ;
ludo.c:372:40: error: expected statement before ‘)’ token

real	0m0.427s
user	0m0.110s
sys	0m0.100s

real	0m1.689s
user	0m0.538s
sys	0m0.205s

real	0m1.723s
user	0m0.629s
sys	0m0.197s

real	0m1.611s
user	0m0.573s
sys	0m0.204s

real	0m1.820s
user	0m0.630s
sys	0m0.198s

real	0m1.500s
user	0m0.500s
sys	0m0.213s

real	0m1.776s
user	0m0.630s
sys	0m0.164s

real	0m1.496s
user	0m0.502s
sys	0m0.228s

real	0m2.036s
user	0m0.612s
sys	0m0.201s

real	0m1.509s
user	0m0.539s
sys	0m0.195s

real	0m1.743s
user	0m0.591s
sys	0m0.205s

real	0m1.712s
user	0m0.575s
sys	0m0.203s

real	0m1.723s
user	0m0.543s
sys	0m0.222s

real	0m1.673s
user	0m0.556s
sys	0m0.182s

real	0m1.602s
user	0m0.599s
sys	0m0.186s

real	0m1.324s
user	0m0.473s
sys	0m0.190s

real	0m1.776s
user	0m0.562s
sys	0m0.227s

real	0m1.388s
user	0m0.495s
sys	0m0.160s

real	0m1.605s
user	0m0.511s
sys	0m0.195s

real	0m6.322s
user	0m1.052s
sys	0m0.285s

real	0m2.712s
user	0m0.613s
sys	0m0.270s

real	0m4.687s
user	0m0.973s
sys	0m0.269s
